The adjacency matrix represented by kshv_degree-5.sif:
	ORFK10	ORFK11	ORF60	ORF59	ORF28	ORF29b	ORF41	ORF68	ORF9	ORF67.5	ORF75	ORF45	ORF52	ORF53	ORF63	ORF64	ORF31	ORF39	ORF23	ORF21	
ORFK10	■	0	1	1	1	1	1	1	1	1	0	0	0	0	0	0	1	1	0	0	
ORFK11	0	■	1	1	1	1	0	0	0	0	0	0	0	0	0	0	1	0	0	0	
ORF60	0	0	■	0	0	0	0	1	0	1	0	0	1	0	0	0	0	0	1	0	
ORF59	0	0	0	■	0	0	0	1	0	1	0	0	1	0	0	0	0	0	0	0	
ORF28	0	0	0	0	■	1	1	0	0	1	0	0	0	0	0	0	0	0	1	0	
ORF29b	0	0	0	0	1	■	1	1	0	1	0	0	0	0	0	0	0	0	1	0	
ORF41	0	0	0	0	1	1	■	0	1	0	0	0	0	0	1	0	1	0	0	0	
ORF68	0	0	1	1	0	1	0	■	1	0	0	0	0	0	0	0	1	0	0	0	
ORF9	0	0	0	0	0	0	1	1	■	1	0	0	0	0	0	0	0	1	0	0	
ORF67.5	0	0	1	1	1	1	0	0	0	■	1	0	0	0	1	0	1	0	1	0	
ORF75	0	0	0	0	0	0	0	0	0	1	■	1	1	1	0	1	0	1	0	1	
ORF45	0	0	0	0	0	0	0	0	0	0	0	■	1	1	1	0	0	0	1	1	
ORF52	0	0	0	0	0	0	0	0	0	0	0	1	■	1	0	0	0	1	0	0	
ORF53	0	0	0	0	0	0	0	0	0	0	0	1	1	■	1	0	0	0	0	1	
ORF63	0	0	0	0	0	0	1	0	0	0	0	1	0	1	■	1	0	0	1	1	
ORF64	0	0	0	0	0	0	0	0	0	0	0	0	0	0	1	■	0	1	0	1	
ORF31	0	0	0	0	0	0	0	0	0	0	0	0	0	0	0	0	■	0	0	0	
ORF39	0	0	0	0	0	0	0	0	0	0	0	0	0	0	0	0	0	■	0	0	
ORF23	0	0	0	0	0	0	0	0	0	0	0	0	0	0	0	0	0	0	■	0	
ORF21	0	0	0	0	0	0	0	0	0	0	0	0	0	0	0	0	0	0	0	■	
The distance matrix represented by kshv_degree-5.sif:
	ORFK10	ORFK11	ORF60	ORF59	ORF28	ORF29b	ORF41	ORF68	ORF9	ORF67.5	ORF75	ORF45	ORF52	ORF53	ORF63	ORF64	ORF31	ORF39	ORF23	ORF21	
ORFK10	∞	∞	1	1	1	1	1	1	1	1	2	3	2	3	2	3	1	1	2	3	
ORFK11	∞	∞	1	1	1	1	2	2	3	2	3	4	2	3	3	4	1	3	2	4	
ORF60	∞	∞	■	2	2	2	3	1	2	1	2	2	1	2	2	3	2	2	1	3	
ORF59	∞	∞	2	■	2	2	3	1	2	1	2	2	1	2	2	3	2	2	2	3	
ORF28	∞	∞	2	2	■	1	1	2	2	1	2	3	3	3	2	3	2	3	1	3	
ORF29b	∞	∞	2	2	1	■	1	1	2	1	2	3	3	3	2	3	2	3	1	3	
ORF41	∞	∞	3	3	1	1	■	2	1	2	3	2	3	2	1	2	1	2	2	2	
ORF68	∞	∞	1	1	2	1	2	■	1	2	3	3	2	3	3	4	1	2	2	4	
ORF9	∞	∞	2	2	2	2	1	1	■	1	2	3	3	3	2	3	2	1	2	3	
ORF67.5	∞	∞	1	1	1	1	2	2	3	■	1	2	2	2	1	2	1	2	1	2	
ORF75	∞	∞	2	2	2	2	3	3	4	1	■	1	1	1	2	1	2	1	2	1	
ORF45	∞	∞	∞	∞	∞	∞	2	4	3	4	5	■	1	1	1	2	3	2	1	1	
ORF52	∞	∞	∞	∞	∞	∞	3	5	4	5	6	1	■	1	2	3	4	1	2	2	
ORF53	∞	∞	∞	∞	∞	∞	2	4	3	4	5	1	1	■	1	2	3	2	2	1	
ORF63	∞	∞	4	4	2	2	1	3	2	3	4	1	2	1	■	1	2	2	1	1	
ORF64	∞	∞	5	5	3	3	2	4	3	4	5	2	3	2	1	■	3	1	2	1	
ORF31	∞	∞	∞	∞	∞	∞	∞	∞	∞	∞	∞	∞	∞	∞	∞	∞	∞	∞	∞	∞	
ORF39	∞	∞	∞	∞	∞	∞	∞	∞	∞	∞	∞	∞	∞	∞	∞	∞	∞	∞	∞	∞	
ORF23	∞	∞	∞	∞	∞	∞	∞	∞	∞	∞	∞	∞	∞	∞	∞	∞	∞	∞	∞	∞	
ORF21	∞	∞	∞	∞	∞	∞	∞	∞	∞	∞	∞	∞	∞	∞	∞	∞	∞	∞	∞	∞	
Node with best closeness of centrality: kshv_ORF67.5
